*** Starting uWSGI 2.0.20 (32bit) on [Mon Mar 28 00:23:12 2022] ***
compiled with version: 8.3.0 on 06 October 2021 05:59:48
os: Linux-5.10.63-v7+ #1459 SMP Wed Oct 6 16:41:10 BST 2021
nodename: raspberrypi
machine: armv7l
clock source: unix
pcre jit disabled
detected number of CPU cores: 4
current working directory: /home/pi/works/MovieCollection
detected binary path: /home/pi/.local/bin/uwsgi
*** WARNING: you are running uWSGI without its master process manager ***
your processes number limit is 6865
your memory page size is 4096 bytes
detected max file descriptor number: 1024
lock engine: pthread robust mutexes
thunder lock: disabled (you can enable it with --thunder-lock)
uwsgi socket 0 bound to UNIX address /home/pi/works/MovieCollection/MovieCollection.sock fd 3
Python version: 3.7.3 (default, Jan 22 2021, 20:04:44)  [GCC 8.3.0]
*** Python threads support is disabled. You can enable it with --enable-threads ***
Python main interpreter initialized at 0x8fd3e0
your server socket listen backlog is limited to 100 connections
your mercy for graceful operations on workers is 60 seconds
mapped 64408 bytes (62 KB) for 1 cores
*** Operational MODE: single process ***
WSGI app 0 (mountpoint='') ready in 2 seconds on interpreter 0x8fd3e0 pid: 9566 (default app)
*** uWSGI is running in multiple interpreter mode ***
spawned uWSGI worker 1 (and the only) (pid: 9566, cores: 1)
[pid: 9566|app: 0|req: 1/1] 192.168.11.80 () {46 vars in 730 bytes} [Sun Mar 27 15:23:20 2022] GET /login?next=/ => generated 764 bytes in 242 msecs (HTTP/1.1 200) 7 headers in 348 bytes (1 switches on core 0)
Not Found: /static/css/style.css
[pid: 9566|app: 0|req: 2/2] 192.168.11.80 () {44 vars in 668 bytes} [Sun Mar 27 15:23:20 2022] GET /static/css/style.css => generated 4125 bytes in 41 msecs (HTTP/1.1 404) 5 headers in 159 bytes (1 switches on core 0)
*** Starting uWSGI 2.0.20 (32bit) on [Mon Mar 28 19:29:22 2022] ***
compiled with version: 8.3.0 on 06 October 2021 05:59:48
os: Linux-5.10.103-v7+ #1529 SMP Tue Mar 8 12:21:37 GMT 2022
nodename: raspberrypi
machine: armv7l
clock source: unix
pcre jit disabled
detected number of CPU cores: 4
current working directory: /home/pi/works/MovieCollection
detected binary path: /home/pi/.local/bin/uwsgi
*** WARNING: you are running uWSGI without its master process manager ***
your processes number limit is 6865
your memory page size is 4096 bytes
detected max file descriptor number: 1024
lock engine: pthread robust mutexes
thunder lock: disabled (you can enable it with --thunder-lock)
uwsgi socket 0 bound to TCP address :8001 fd 3
Python version: 3.7.3 (default, Jan 22 2021, 20:04:44)  [GCC 8.3.0]
*** Python threads support is disabled. You can enable it with --enable-threads ***
Python main interpreter initialized at 0x6293a8
your server socket listen backlog is limited to 100 connections
your mercy for graceful operations on workers is 60 seconds
mapped 64408 bytes (62 KB) for 1 cores
*** Operational MODE: single process ***
WSGI app 0 (mountpoint='') ready in 2 seconds on interpreter 0x6293a8 pid: 7589 (default app)
*** uWSGI is running in multiple interpreter mode ***
spawned uWSGI worker 1 (and the only) (pid: 7589, cores: 1)
[pid: 7589|app: 0|req: 1/1] 192.168.11.80 () {54 vars in 922 bytes} [Mon Mar 28 10:31:10 2022] GET / => generated 23508 bytes in 301 msecs (HTTP/1.1 200) 6 headers in 182 bytes (1 switches on core 0)

